Arguments: 
  C:\Program Files\nodejs\node.exe C:\Users\Home\AppData\Roaming\npm\node_modules\yarn\bin\yarn.js install

PATH: 
  C:\Program Files (x86)\Common Files\Oracle\Java\javapath;C:\Program Files (x86)\Common Files\Intel\Shared Files\cpp\bin\Intel64;C:\Program Files (x86)\Falcon\MinGW\bin;C:\Program Files\Broadcom\Broadcom 802.11 Network Adapter;C:\Windows\system32;C:\Windows;C:\Windows\System32\Wbem;C:\Windows\System32\WindowsPowerShell\v1.0\;C:\Program Files\Git\cmd;C:\Program Files\nodejs\;;C:\Users\Home\AppData\Local\Programs\Microsoft VS Code\bin;C:\Users\Home\AppData\Roaming\npm

Yarn version: 
  1.22.10

Node version: 
  12.18.3

Platform: 
  win32 x64

Trace: 
  Error: https://registry.yarnpkg.com/rxjs/-/rxjs-6.6.3.tgz: ESOCKETTIMEDOUT
      at ClientRequest.<anonymous> (C:\Users\Home\AppData\Roaming\npm\node_modules\yarn\lib\cli.js:141289:19)
      at Object.onceWrapper (events.js:421:28)
      at ClientRequest.emit (events.js:315:20)
      at TLSSocket.emitRequestTimeout (_http_client.js:709:9)
      at Object.onceWrapper (events.js:421:28)
      at TLSSocket.emit (events.js:327:22)
      at TLSSocket.Socket._onTimeout (net.js:482:8)
      at listOnTimeout (internal/timers.js:549:17)
      at processTimers (internal/timers.js:492:7)

npm manifest: 
  {
    "name": "mern-auth",
    "version": "1.0.0",
    "description": "Mern Auth Example",
    "main": "server.js",
    "engine": {
      "node": "12.18.3",
      "npm": "6.14.8"
    },
    "scripts": {
      "client-install": "npm install --prefix client",
      "start": "node server.js",
      "server": "nodemon server.js",
      "client": "npm start --prefix client",
      "dev": "concurrently \"npm run server\" \"npm run client\"",
      "heroku-postbuild": "NPM_CONFIG_PRODUCTION=false npm install --prefix client && npm run build --prefix client "
    },
    "author": "",
    "license": "MIT",
    "dependencies": {
      "axios": "^0.21.0",
      
      "bcryptjs": "^2.4.3",
      "body-parser": "^1.18.3",
      "bootstrap": "^4.5.3",
      "classnames": "^2.2.6",
      "concurrently": "^4.0.1",
      "express": "^4.16.4",
      "is-empty": "^1.2.0",
      "jsonwebtoken": "^8.3.0",
      "jwt-decode": "^3.0.0",
      "mongoose": "^5.3.11",
      "passport": "^0.4.0",
      "passport-jwt": "^4.0.0",
      "react": "^17.0.1",
      "react-dom": "^17.0.1",
      "react-redux": "^7.2.2",
      "react-router-dom": "^5.2.0",
      "react-scripts": "^4.0.0",
      "reactstrap": "^8.7.0",
      "redux": "^4.0.5",
      "redux-thunk": "^2.3.0",
      "validator": "^10.9.0"
    },
    "devDependencies": {
      "nodemon": "^2.0.6"
    }
  }

yarn manifest: 
  No manifest

Lockfile: 
  No lockfile
